<?xml version="1.0" encoding="UTF-8"?>
<!-- Generated by org.testng.reporters.JUnitReportReporter -->
<testsuite skipped="0" hostname="MHYD68B8E0D5" name="com.msn.MSNAutomation.AppTest" tests="1" failures="0" timestamp="2022-03-28T19:09:33 IST" time="0.024" errors="0">
  <testcase name="testApp" time="0.024" classname="com.msn.MSNAutomation.AppTest"/>
  <system-out/>
</testsuite> <!-- com.msn.MSNAutomation.AppTest -->
