<?xml version="1.0" encoding="UTF-8"?>
<!-- Generated by org.testng.reporters.JUnitReportReporter -->
<testsuite skipped="0" hostname="MHYD68B8E0D5" name="com.msn.junit.JUnitTestFour" tests="3" failures="0" timestamp="2022-10-04T01:00:55 IST" time="0.001" errors="0">
  <testcase name="test2" time="0.000" classname="com.msn.junit.JUnitTestFour"/>
  <system-out/>
  <testcase name="test3" time="0.001" classname="com.msn.junit.JUnitTestFour"/>
  <system-out/>
  <testcase name="test1" time="0.000" classname="com.msn.junit.JUnitTestFour"/>
  <system-out/>
</testsuite> <!-- com.msn.junit.JUnitTestFour -->
