<?xml version="1.0" encoding="UTF-8"?>
<!-- Generated by org.testng.reporters.JUnitReportReporter -->
<testsuite skipped="0" hostname="MHYD68B8E0D5" name="com.msn.performance.PerformanceTestOne" tests="3" failures="0" timestamp="2022-10-04T01:20:47 IST" time="0.082" errors="0">
  <testcase name="perfTest3" time="0.027" classname="com.msn.performance.PerformanceTestOne"/>
  <system-out/>
  <testcase name="perfTest1" time="0.027" classname="com.msn.performance.PerformanceTestOne"/>
  <system-out/>
  <testcase name="perfTest2" time="0.028" classname="com.msn.performance.PerformanceTestOne"/>
  <system-out/>
</testsuite> <!-- com.msn.performance.PerformanceTestOne -->
