<?xml version="1.0" encoding="UTF-8"?>
<!-- Generated by org.testng.reporters.JUnitReportReporter -->
<testsuite skipped="0" hostname="MHYD68B8E0D5" name="com.msn.junit.JUnitTestThree" tests="3" failures="0" timestamp="2022-10-04T01:00:55 IST" time="0.055" errors="0">
  <testcase name="test1" time="0.018" classname="com.msn.junit.JUnitTestThree"/>
  <system-out/>
  <testcase name="test2" time="0.019" classname="com.msn.junit.JUnitTestThree"/>
  <system-out/>
  <testcase name="test3" time="0.018" classname="com.msn.junit.JUnitTestThree"/>
  <system-out/>
</testsuite> <!-- com.msn.junit.JUnitTestThree -->
