<?xml version="1.0" encoding="UTF-8"?>
<!-- Generated by org.testng.reporters.JUnitReportReporter -->
<testsuite skipped="0" hostname="MHYD68B8E0D5" name="com.msn.performance.PerformanceTestOne" tests="3" failures="0" timestamp="2022-10-04T01:00:33 IST" time="0.077" errors="0">
  <testcase name="test3" time="0.026" classname="com.msn.performance.PerformanceTestOne"/>
  <system-out/>
  <testcase name="test1" time="0.025" classname="com.msn.performance.PerformanceTestOne"/>
  <system-out/>
  <testcase name="test2" time="0.026" classname="com.msn.performance.PerformanceTestOne"/>
  <system-out/>
</testsuite> <!-- com.msn.performance.PerformanceTestOne -->
